[2020-04-18 16:49:13]----------process:C:/Users/campanula/Desktop/spff/server/src/http_main.py
    数据库模块连接成功
    (1045, "Access denied for user 'root'@'localhost' (using password: YES)")
[2020-04-18 17:00:48]----------process:C:/Users/campanula/Desktop/spff/server/src/http_main.py
    数据库模块连接成功
    (1045, "Access denied for user 'root'@'localhost' (using password: YES)")
[2020-04-18 17:01:13]----------process:C:/Users/campanula/Desktop/spff/server/src/http_main.py
    数据库模块连接成功
    (1045, "Access denied for user 'root'@'localhost' (using password: YES)")
[2020-04-18 17:01:18]----------process:C:/Users/campanula/Desktop/spff/server/src/http_main.py
    select * from player where  id != 0   
    数据库连接出错
    'NoneType' object has no attribute 'ping'
    进行重连
[2020-04-18 17:02:24]----------process:C:/Users/campanula/Desktop/spff/server/src/init_data.py
    数据库模块连接成功
[2020-04-18 17:02:26]----------process:C:/Users/campanula/Desktop/spff/server/src/init_data.py
    drop table admin
    数据库查询出错
    (1051, "Unknown table 'spff.admin'")
[2020-04-18 17:02:26]----------process:C:/Users/campanula/Desktop/spff/server/src/init_data.py
    drop table player
    数据库查询出错
    (1051, "Unknown table 'spff.player'")
[2020-04-18 17:02:26]----------process:C:/Users/campanula/Desktop/spff/server/src/init_data.py
    drop table admin_operate_record
    数据库查询出错
    (1051, "Unknown table 'spff.admin_operate_record'")
[2020-04-18 17:02:26]----------process:C:/Users/campanula/Desktop/spff/server/src/init_data.py
    drop table case_info
    数据库查询出错
    (1051, "Unknown table 'spff.case_info'")
[2020-04-18 17:02:26]----------process:C:/Users/campanula/Desktop/spff/server/src/init_data.py
    drop table case_post_item
    数据库查询出错
    (1051, "Unknown table 'spff.case_post_item'")
[2020-04-18 17:02:26]----------process:C:/Users/campanula/Desktop/spff/server/src/init_data.py
    drop table case_search_index
    数据库查询出错
    (1051, "Unknown table 'spff.case_search_index'")
[2020-04-18 17:02:40]----------process:C:/Users/campanula/Desktop/spff/server/src/init_data.py
    数据库模块连接成功
[2020-04-18 17:02:52]----------process:C:/Users/campanula/Desktop/spff/server/src/http_main.py
    数据库模块连接成功
[2020-04-22 18:01:46]----------process:C:/Users/campanula/Desktop/spff/server/src/http_main.py
    数据库模块连接成功
    (1045, "Access denied for user 'root'@'localhost' (using password: NO)")
[2020-04-22 18:01:54]----------process:C:/Users/campanula/Desktop/spff/server/src/http_main.py
    select * from admin where  id != 0   
    数据库连接出错
    'NoneType' object has no attribute 'ping'
    进行重连
[2020-04-22 18:02:25]----------process:C:/Users/campanula/Desktop/spff/server/src/http_main.py
    数据库模块连接成功
[2020-04-22 18:05:47]----------process:C:/Users/campanula/Desktop/spff/server/src/http_main.py
    数据库模块连接成功
[2020-04-23 09:21:25]----------process:C:/Users/campanula/Desktop/spff/server/src/http_main.py
    数据库模块连接成功
    (1045, "Access denied for user 'root'@'localhost' (using password: NO)")
[2020-04-23 09:21:30]----------process:C:/Users/campanula/Desktop/spff/server/src/http_main.py
    select * from admin where  id != 0   
    数据库连接出错
    'NoneType' object has no attribute 'ping'
    进行重连
[2020-04-23 09:21:45]----------process:C:/Users/campanula/Desktop/spff/server/src/http_main.py
    数据库模块连接成功
[2020-04-27 10:48:56]----------process:C:/Users/campanula/Desktop/spff/server/src/http_main.py
    数据库模块连接成功
    (1045, "Access denied for user 'root'@'localhost' (using password: NO)")
[2020-04-27 10:49:03]----------process:C:/Users/campanula/Desktop/spff/server/src/http_main.py
    select * from admin where  id != 0   
    数据库连接出错
    'NoneType' object has no attribute 'ping'
    进行重连
[2020-04-27 10:49:25]----------process:C:/Users/campanula/Desktop/spff/server/src/http_main.py
    数据库模块连接成功
[2020-04-28 19:20:40]----------process:
    数据库模块连接成功
[2020-05-04 18:03:45]----------process:
    数据库模块连接成功
[2020-05-05 22:20:58]----------process:C:/Users/campanula/Desktop/spff/server/src/http_main.py
    数据库模块连接成功
[2020-05-05 22:27:59]----------process:C:/Users/campanula/Desktop/spff/server/src/http_main.py
    数据库模块连接成功
[2020-05-05 22:29:22]----------process:C:/Users/campanula/Desktop/spff/server/src/http_main.py
    数据库模块连接成功
[2020-05-05 22:33:30]----------process:
    数据库模块连接成功
[2020-05-05 22:33:36]----------process:
    数据库模块连接成功
[2020-05-05 22:34:05]----------process:C:/Users/campanula/Desktop/spff/server/src/http_main.py
    数据库模块连接成功
[2020-05-06 09:43:16]----------process:C:/Users/campanula/Desktop/spff/server/src/http_main.py
    数据库模块连接成功
[2020-05-06 16:41:12]----------process:C:/Users/campanula/Desktop/spff/server/src/script.py
    数据库模块连接成功
[2020-05-06 22:44:10]----------process:
    数据库模块连接成功
[2020-05-06 22:44:56]----------process:
    数据库模块连接成功
[2020-05-06 22:46:09]----------process:
    数据库模块连接成功
[2020-05-06 22:46:28]----------process:
    数据库模块连接成功
[2020-05-11 15:27:54]----------process:C:/Users/campanula/Desktop/spff/server/src/http_main.py
    数据库模块连接成功
[2020-05-30 03:09:18]----------process:
    数据库模块连接成功
[2020-05-30 03:10:01]----------process:
    数据库模块连接成功
[2020-05-30 03:10:01]----------process:
    数据库模块连接成功
[2020-05-30 03:10:01]----------process:
    数据库模块连接成功
[2020-05-30 03:10:01]----------process:
    数据库连接池全忙状态，创建新的数据库链接
    新连接id:
    1597716293952
[2020-05-30 03:10:01]----------process:
    数据库模块连接成功
[2020-05-30 03:10:01]----------process:
    数据库连接池全忙状态，创建新的数据库链接
    新连接id:
    1597716293280
[2020-05-30 03:10:01]----------process:
    数据库模块连接成功
[2020-05-30 03:10:01]----------process:
    数据库连接池全忙状态，创建新的数据库链接
    新连接id:
    1597716293448
[2020-05-30 03:10:01]----------process:
    数据库连接池全忙状态，创建新的数据库链接
    新连接id:
    1597715481824
[2020-05-30 03:10:01]----------process:
    数据库连接池全忙状态，创建新的数据库链接
    新连接id:
    1597716293336
[2020-05-30 03:11:26]----------process:
    数据库模块连接成功
[2020-05-30 03:13:03]----------process:C:/Users/campanula/Desktop/spff/server/src/http_main.py
    数据库模块连接成功
[2020-05-30 03:13:36]----------process:C:/Users/campanula/Desktop/spff/server/src/http_main.py
    数据库模块连接成功
[2020-05-30 03:13:36]----------process:C:/Users/campanula/Desktop/spff/server/src/http_main.py
    数据库连接池全忙状态，创建新的数据库链接
    新连接id:
    2167094843936
[2020-05-30 03:13:36]----------process:C:/Users/campanula/Desktop/spff/server/src/http_main.py
    数据库模块连接成功
[2020-05-30 03:13:36]----------process:C:/Users/campanula/Desktop/spff/server/src/http_main.py
    数据库模块连接成功
[2020-05-30 03:13:36]----------process:C:/Users/campanula/Desktop/spff/server/src/http_main.py
    数据库连接池全忙状态，创建新的数据库链接
    新连接id:
    2167094791976
[2020-05-30 03:13:36]----------process:C:/Users/campanula/Desktop/spff/server/src/http_main.py
    数据库模块连接成功
[2020-05-30 03:13:36]----------process:C:/Users/campanula/Desktop/spff/server/src/http_main.py
    数据库连接池全忙状态，创建新的数据库链接
    新连接id:
    2167094843544
[2020-05-30 03:13:36]----------process:C:/Users/campanula/Desktop/spff/server/src/http_main.py
    数据库连接池全忙状态，创建新的数据库链接
    新连接id:
    2167094842536
[2020-05-30 03:13:36]----------process:C:/Users/campanula/Desktop/spff/server/src/http_main.py
    数据库模块连接成功
[2020-05-30 03:13:36]----------process:C:/Users/campanula/Desktop/spff/server/src/http_main.py
    数据库连接池全忙状态，创建新的数据库链接
    新连接id:
    2167094842368
[2020-05-30 17:04:58]----------process:C:/Users/campanula/Desktop/spff/server/src/script.py
    数据库模块连接成功
[2020-05-30 17:05:18]----------process:C:/Users/campanula/Desktop/spff/server/src/script.py
    数据库模块连接成功
[2020-05-30 17:05:57]----------process:C:/Users/campanula/Desktop/spff/server/src/http_main.py
    数据库模块连接成功
[2020-05-30 17:06:30]----------process:C:/Users/campanula/Desktop/spff/server/src/http_main.py
    数据库模块连接成功
[2020-05-30 17:06:30]----------process:C:/Users/campanula/Desktop/spff/server/src/http_main.py
    数据库连接池全忙状态，创建新的数据库链接
    新连接id:
    2029153999616
[2020-05-30 17:06:30]----------process:C:/Users/campanula/Desktop/spff/server/src/http_main.py
    数据库模块连接成功
[2020-05-30 17:06:30]----------process:C:/Users/campanula/Desktop/spff/server/src/http_main.py
    数据库连接池全忙状态，创建新的数据库链接
    新连接id:
    2029153999728
[2020-05-30 17:06:30]----------process:C:/Users/campanula/Desktop/spff/server/src/http_main.py
    数据库模块连接成功
[2020-05-30 17:06:30]----------process:C:/Users/campanula/Desktop/spff/server/src/http_main.py
    数据库模块连接成功
[2020-05-30 17:06:30]----------process:C:/Users/campanula/Desktop/spff/server/src/http_main.py
    数据库连接池全忙状态，创建新的数据库链接
    新连接id:
    2029154000008
[2020-05-30 17:06:30]----------process:C:/Users/campanula/Desktop/spff/server/src/http_main.py
    数据库连接池全忙状态，创建新的数据库链接
    新连接id:
    2029154108976
[2020-05-30 17:06:30]----------process:C:/Users/campanula/Desktop/spff/server/src/http_main.py
    数据库模块连接成功
[2020-05-30 17:06:30]----------process:C:/Users/campanula/Desktop/spff/server/src/http_main.py
    数据库连接池全忙状态，创建新的数据库链接
    新连接id:
    2029153997096
[2020-05-30 17:15:12]----------process:C:/Users/campanula/Desktop/spff/server/src/script.py
    数据库模块连接成功
[2020-05-30 17:15:12]----------process:C:/Users/campanula/Desktop/spff/server/src/script.py
    drop table case_content
    数据库查询出错
    (1051, "Unknown table 'spff.case_content'")
[2020-05-30 17:15:12]----------process:C:/Users/campanula/Desktop/spff/server/src/script.py
    数据库模块连接成功
[2020-05-30 17:15:12]----------process:C:/Users/campanula/Desktop/spff/server/src/script.py
    数据库连接池全忙状态，创建新的数据库链接
    新连接id:
    2164699967048
[2020-05-30 17:15:12]----------process:C:/Users/campanula/Desktop/spff/server/src/script.py
    alter table case_info delete column content
    数据库查询出错
    (1064, "You have an error in your SQL syntax; check the manual that corresponds to your MySQL server version for the right syntax to use near 'delete column content' at line 1")
[2020-05-30 17:15:30]----------process:C:/Users/campanula/Desktop/spff/server/src/http_main.py
    数据库模块连接成功
[2020-05-30 17:15:30]----------process:C:/Users/campanula/Desktop/spff/server/src/http_main.py
    数据库连接池全忙状态，创建新的数据库链接
    新连接id:
    2029155947296
[2020-05-30 17:16:57]----------process:C:/Users/campanula/Desktop/spff/server/src/script.py
    数据库模块连接成功
[2020-05-30 17:16:58]----------process:C:/Users/campanula/Desktop/spff/server/src/script.py
    数据库模块连接成功
[2020-05-30 17:16:58]----------process:C:/Users/campanula/Desktop/spff/server/src/script.py
    数据库连接池全忙状态，创建新的数据库链接
    新连接id:
    1171854713520
[2020-05-30 17:18:12]----------process:C:/Users/campanula/Desktop/spff/server/src/script.py
    数据库模块连接成功
[2020-05-30 17:18:32]----------process:C:/Users/campanula/Desktop/spff/server/src/script.py
    数据库模块连接成功
[2020-05-30 17:19:27]----------process:C:/Users/campanula/Desktop/spff/server/src/script.py
    数据库模块连接成功
[2020-05-30 17:19:27]----------process:C:/Users/campanula/Desktop/spff/server/src/script.py
    数据库模块连接成功
[2020-05-30 17:19:27]----------process:C:/Users/campanula/Desktop/spff/server/src/script.py
    数据库连接池全忙状态，创建新的数据库链接
    新连接id:
    2349703440592
[2020-05-30 17:19:48]----------process:C:/Users/campanula/Desktop/spff/server/src/script.py
    数据库模块连接成功
[2020-05-30 17:20:02]----------process:C:/Users/campanula/Desktop/spff/server/src/script.py
    数据库模块连接成功
[2020-05-30 17:20:19]----------process:C:/Users/campanula/Desktop/spff/server/src/script.py
    数据库模块连接成功
[2020-05-30 17:20:19]----------process:C:/Users/campanula/Desktop/spff/server/src/script.py
    数据库模块连接成功
[2020-05-30 17:20:19]----------process:C:/Users/campanula/Desktop/spff/server/src/script.py
    数据库连接池全忙状态，创建新的数据库链接
    新连接id:
    2418043904688
[2020-05-30 17:33:10]----------process:C:/Users/campanula/Desktop/spff/server/src/script.py
    数据库模块连接成功
[2020-05-30 17:33:10]----------process:C:/Users/campanula/Desktop/spff/server/src/script.py
    数据库模块连接成功
[2020-05-30 17:33:10]----------process:C:/Users/campanula/Desktop/spff/server/src/script.py
    数据库连接池全忙状态，创建新的数据库链接
    新连接id:
    1429744200840
[2020-05-30 17:33:43]----------process:C:/Users/campanula/Desktop/spff/server/src/script.py
    数据库模块连接成功
[2020-05-30 17:33:43]----------process:C:/Users/campanula/Desktop/spff/server/src/script.py
    数据库模块连接成功
[2020-05-30 17:33:43]----------process:C:/Users/campanula/Desktop/spff/server/src/script.py
    数据库连接池全忙状态，创建新的数据库链接
    新连接id:
    1617253443848
[2020-05-30 17:46:31]----------process:C:/Users/campanula/Desktop/spff/server/src/script.py
    数据库模块连接成功
